<?xml version="1.0" encoding="UTF-8"?>
<!-- Generated by org.testng.reporters.JUnitXMLReporter -->
<testsuite hostname="Amar" ignored="0" name="Default test" tests="3" failures="0" timestamp="09 Jul 2020 16:03:12 GMT" time="23.033" errors="0">
  <testcase name="fontSize" time="7.846" classname="practice_selenium.Font_size"/>
  <testcase name="title" time="7.516" classname="practice_selenium.Font_size"/>
  <testcase name="url" time="7.632" classname="practice_selenium.Font_size"/>
</testsuite> <!-- Default test -->
