<?xml version="1.0" encoding="UTF-8"?>
<!-- Generated by org.testng.reporters.JUnitXMLReporter -->
<testsuite hostname="Amar" ignored="0" name="Test" tests="3" failures="0" timestamp="09 Jul 2020 16:09:45 GMT" time="19.597" errors="0">
  <testcase name="url" time="19.261" classname="practice_selenium.Font_size"/>
  <testcase name="title" time="19.288" classname="practice_selenium.Font_size"/>
  <testcase name="fontSize" time="19.464" classname="practice_selenium.Font_size"/>
</testsuite> <!-- Test -->
