<?xml version="1.0" encoding="UTF-8"?>
<testng-results skipped="0" failed="0" ignored="0" total="2" passed="2">
  <reporter-output>
  </reporter-output>
  <suite name="TestSuite" duration-ms="28917" started-at="2020-07-09T16:37:52Z" finished-at="2020-07-09T16:38:21Z">
    <groups>
    </groups>
    <test name="ChromeTest" duration-ms="19668" started-at="2020-07-09T16:37:52Z" finished-at="2020-07-09T16:38:12Z">
      <class name="practice_selenium.Cross_Browser">
        <test-method status="PASS" signature="setup(java.lang.String)[pri:0, instance:practice_selenium.Cross_Browser@29774679]" name="setup" is-config="true" duration-ms="7309" started-at="2020-07-09T16:37:52Z" finished-at="2020-07-09T16:37:59Z">
          <params>
            <param index="0">
              <value>
                <![CDATA[Chrome]]>
              </value>
            </param>
          </params>
          <reporter-output>
          </reporter-output>
        </test-method> <!-- setup -->
        <test-method status="PASS" signature="testParameterWithXML()[pri:0, instance:practice_selenium.Cross_Browser@29774679]" name="testParameterWithXML" duration-ms="12321" started-at="2020-07-09T16:37:59Z" finished-at="2020-07-09T16:38:12Z">
          <reporter-output>
          </reporter-output>
        </test-method> <!-- testParameterWithXML -->
      </class> <!-- practice_selenium.Cross_Browser -->
    </test> <!-- ChromeTest -->
    <test name="FirefoxTest" duration-ms="28917" started-at="2020-07-09T16:37:52Z" finished-at="2020-07-09T16:38:21Z">
      <class name="practice_selenium.Cross_Browser">
        <test-method status="PASS" signature="setup(java.lang.String)[pri:0, instance:practice_selenium.Cross_Browser@204f30ec]" name="setup" is-config="true" duration-ms="16085" started-at="2020-07-09T16:37:52Z" finished-at="2020-07-09T16:38:08Z">
          <params>
            <param index="0">
              <value>
                <![CDATA[Firefox]]>
              </value>
            </param>
          </params>
          <reporter-output>
          </reporter-output>
        </test-method> <!-- setup -->
        <test-method status="PASS" signature="testParameterWithXML()[pri:0, instance:practice_selenium.Cross_Browser@204f30ec]" name="testParameterWithXML" duration-ms="12824" started-at="2020-07-09T16:38:08Z" finished-at="2020-07-09T16:38:21Z">
          <reporter-output>
          </reporter-output>
        </test-method> <!-- testParameterWithXML -->
      </class> <!-- practice_selenium.Cross_Browser -->
    </test> <!-- FirefoxTest -->
  </suite> <!-- TestSuite -->
</testng-results>
